<?xml version="1.0" encoding="UTF-8"?>
<!-- Generated by org.testng.reporters.JUnitReportReporter -->
<testsuite name="com.ag.testcases.homePageLogin" tests="2" time="13.846" ignored="0" failures="0" timestamp="15 Sep 2020 15:42:04 GMT" skipped="0" hostname="it-mbp-krudrangi.local" errors="0">
  <testcase name="validateMyFavsCount" time="6.438" classname="com.ag.testcases.homePageLogin"/>
  <testcase name="loginApp" time="7.408" classname="com.ag.testcases.homePageLogin"/>
</testsuite> <!-- com.ag.testcases.homePageLogin -->
