<?xml version="1.0" encoding="UTF-8"?>
<!-- Generated by org.testng.reporters.JUnitReportReporter -->
<testsuite name="com.ag.testcases.homePageLogin" tests="2" time="13.214" ignored="0" failures="0" timestamp="15 Sep 2020 02:26:55 GMT" skipped="0" hostname="it-mbp-krudrangi.local" errors="0">
  <testcase name="validateMyFavsCount" time="6.193" classname="com.ag.testcases.homePageLogin"/>
  <testcase name="loginApp" time="7.021" classname="com.ag.testcases.homePageLogin"/>
</testsuite> <!-- com.ag.testcases.homePageLogin -->
